Build started 3/25/2015 11:33:01 AM.
     1>Project "Z:\CSCI261\Lab10A\Lab10A\Lab10A.vcxproj" on node 2 (Build target(s)).
     1>ClCompile:
         C:\Program Files (x86)\Microsoft Visual Studio 12.0\VC\bin\CL.exe /c /ZI /nologo /W3 /WX- /Od /Oy- /D WIN32 /D _DEBUG /D _CONSOLE /D _LIB /D _UNICODE /D UNICODE /Gm /EHsc /RTC1 /MDd /GS /fp:precise /Zc:wchar_t /Zc:forScope /Fo"Debug\\" /Fd"Debug\vc120.pdb" /Gd /TP /analyze- /errorReport:prompt src\main.cpp src\money.cpp
         main.cpp
     1>z:\csci261\lab10a\lab10a\src\main.cpp(33): error C2248: 'Money::dollars' : cannot access private member declared in class 'Money'
                 z:\csci261\lab10a\lab10a\src\money.h(18) : see declaration of 'Money::dollars'
                 z:\csci261\lab10a\lab10a\src\money.h(9) : see declaration of 'Money'
         Generating Code...
         Compiling...
         money.cpp
         Generating Code...
     1>Done Building Project "Z:\CSCI261\Lab10A\Lab10A\Lab10A.vcxproj" (Build target(s)) -- FAILED.

Build FAILED.

Time Elapsed 00:00:00.55
